build/app/intermediates/manifest_merge_blame_file/debug/manifest-merger-blame-debug-report.txt
1<?xml version="1.0" encoding="utf-8"?>
2<manifest xmlns:android="http://schemas.android.com/apk/res/android"
3    package="com.example.authentication_demo"
4    android:versionCode="1"
5    android:versionName="1.0.0" >
6
7    <uses-sdk
8        android:minSdkVersion="21"
9        android:targetSdkVersion="30" />
10    <!--
11         Flutter needs it to communicate with the running application
12         to allow setting breakpoints, to provide hot reload, etc.
13    -->
14    <uses-permission android:name="android.permission.INTERNET" />
14-->src\main\AndroidManifest.xml:4:5-66
14-->src\main\AndroidManifest.xml:4:22-64
15    <uses-permission android:name="android.permission.ACCESS_NETWORK_STATE" />
15-->src\main\AndroidManifest.xml:5:5-78
15-->src\main\AndroidManifest.xml:5:22-76
16    <uses-permission android:name="com.google.android.finsky.permission.BIND_GET_INSTALL_REFERRER_SERVICE" />
16-->[com.android.installreferrer:installreferrer:1.0] AndroidManifest.xml:9:5-110
16-->[com.android.installreferrer:installreferrer:1.0] AndroidManifest.xml:9:22-107
17
18    <application
18-->src\main\AndroidManifest.xml:7:4-63:18
19        android:appComponentFactory="androidx.core.app.CoreComponentFactory"
19-->[androidx.core:core:1.3.2] AndroidManifest.xml:24:18-86
20        android:debuggable="true"
21        android:icon="@mipmap/ic_launcher"
21-->src\main\AndroidManifest.xml:9:9-43
22        android:label="authentication_demo"
22-->src\main\AndroidManifest.xml:8:9-44
23        android:supportsRtl="true" >
23-->[com.facebook.android:facebook-android-sdk:5.15.3] AndroidManifest.xml:28:18-44
24        <activity
24-->src\main\AndroidManifest.xml:10:9-38:20
25            android:name="com.example.authentication_demo.MainActivity"
25-->src\main\AndroidManifest.xml:11:13-41
26            android:configChanges="orientation|keyboardHidden|keyboard|screenSize|smallestScreenSize|locale|layoutDirection|fontScale|screenLayout|density|uiMode"
26-->src\main\AndroidManifest.xml:14:13-163
27            android:hardwareAccelerated="true"
27-->src\main\AndroidManifest.xml:15:13-47
28            android:launchMode="singleTop"
28-->src\main\AndroidManifest.xml:12:13-43
29            android:theme="@style/LaunchTheme"
29-->src\main\AndroidManifest.xml:13:13-47
30            android:windowSoftInputMode="adjustResize" >
30-->src\main\AndroidManifest.xml:16:13-55
31
32            <!--
33                 Specifies an Android theme to apply to this Activity as soon as
34                 the Android process has started. This theme is visible to the user
35                 while the Flutter UI initializes. After that, this theme continues
36                 to determine the Window background behind the Flutter UI.
37            -->
38            <meta-data
38-->src\main\AndroidManifest.xml:21:13-24:17
39                android:name="io.flutter.embedding.android.NormalTheme"
39-->src\main\AndroidManifest.xml:22:15-70
40                android:resource="@style/NormalTheme" />
40-->src\main\AndroidManifest.xml:23:15-52
41            <!--
42                 Displays an Android View that continues showing the launch screen
43                 Drawable until Flutter paints its first frame, then this splash
44                 screen fades out. A splash screen is useful to avoid any visual
45                 gap between the end of Android's launch screen and the painting of
46                 Flutter's first frame.
47            -->
48            <meta-data
48-->src\main\AndroidManifest.xml:30:13-33:17
49                android:name="io.flutter.embedding.android.SplashScreenDrawable"
49-->src\main\AndroidManifest.xml:31:15-79
50                android:resource="@drawable/launch_background" />
50-->src\main\AndroidManifest.xml:32:15-61
51
52            <intent-filter>
52-->src\main\AndroidManifest.xml:34:13-37:29
53                <action android:name="android.intent.action.MAIN" />
53-->src\main\AndroidManifest.xml:35:17-68
53-->src\main\AndroidManifest.xml:35:25-66
54
55                <category android:name="android.intent.category.LAUNCHER" />
55-->src\main\AndroidManifest.xml:36:17-76
55-->src\main\AndroidManifest.xml:36:27-74
56            </intent-filter>
57        </activity>
58        <!--
59             Don't delete the meta-data below.
60             This is used by the Flutter tool to generate GeneratedPluginRegistrant.java
61        -->
62        <meta-data
62-->src\main\AndroidManifest.xml:41:9-43:33
63            android:name="flutterEmbedding"
63-->src\main\AndroidManifest.xml:42:13-44
64            android:value="2" />
64-->src\main\AndroidManifest.xml:43:13-30
65        <meta-data
65-->src\main\AndroidManifest.xml:45:8-46:53
66            android:name="com.facebook.sdk.ApplicationId"
66-->src\main\AndroidManifest.xml:45:19-64
67            android:value="@string/facebook_app_id" />
67-->src\main\AndroidManifest.xml:46:12-51
68
69        <activity
69-->src\main\AndroidManifest.xml:48:8-51:47
70            android:name="com.facebook.FacebookActivity"
70-->src\main\AndroidManifest.xml:48:18-62
71            android:configChanges="keyboard|keyboardHidden|screenLayout|screenSize|orientation"
71-->src\main\AndroidManifest.xml:49:12-112
72            android:label="@string/app_name"
72-->src\main\AndroidManifest.xml:51:12-44
73            android:theme="@style/com_facebook_activity_theme" />
73-->[com.facebook.android:facebook-common:12.0.1] AndroidManifest.xml:33:13-63
74        <activity
74-->src\main\AndroidManifest.xml:52:8-61:19
75            android:name="com.facebook.CustomTabActivity"
75-->src\main\AndroidManifest.xml:53:12-57
76            android:exported="true" >
76-->src\main\AndroidManifest.xml:54:12-35
77            <intent-filter>
77-->src\main\AndroidManifest.xml:55:12-60:28
78                <action android:name="android.intent.action.VIEW" />
78-->src\main\AndroidManifest.xml:56:16-68
78-->src\main\AndroidManifest.xml:56:24-65
79
80                <category android:name="android.intent.category.DEFAULT" />
80-->src\main\AndroidManifest.xml:57:16-75
80-->src\main\AndroidManifest.xml:57:26-72
81                <category android:name="android.intent.category.BROWSABLE" />
81-->src\main\AndroidManifest.xml:58:16-77
81-->src\main\AndroidManifest.xml:58:26-74
82
83                <data android:scheme="@string/fb_login_protocol_scheme" />
83-->src\main\AndroidManifest.xml:59:16-74
83-->src\main\AndroidManifest.xml:59:22-71
84            </intent-filter>
85            <intent-filter>
85-->[com.facebook.android:facebook-common:12.0.1] AndroidManifest.xml:39:13-48:29
86                <action android:name="android.intent.action.VIEW" />
86-->src\main\AndroidManifest.xml:56:16-68
86-->src\main\AndroidManifest.xml:56:24-65
87
88                <category android:name="android.intent.category.DEFAULT" />
88-->src\main\AndroidManifest.xml:57:16-75
88-->src\main\AndroidManifest.xml:57:26-72
89                <category android:name="android.intent.category.BROWSABLE" />
89-->src\main\AndroidManifest.xml:58:16-77
89-->src\main\AndroidManifest.xml:58:26-74
90
91                <data
91-->src\main\AndroidManifest.xml:59:16-74
92                    android:host="cct.com.example.authentication_demo"
93                    android:scheme="fbconnect" />
93-->src\main\AndroidManifest.xml:59:22-71
94            </intent-filter>
95        </activity>
96
97        <service
97-->[:firebase_auth] AndroidManifest.xml:8:9-12:19
98            android:name="com.google.firebase.components.ComponentDiscoveryService"
98-->[:firebase_auth] AndroidManifest.xml:8:18-89
99            android:directBootAware="true"
99-->[com.google.firebase:firebase-common:20.0.0] AndroidManifest.xml:35:13-43
100            android:exported="false" >
100-->[com.google.firebase:firebase-firestore:24.0.0] AndroidManifest.xml:19:13-37
101            <meta-data
101-->[:firebase_auth] AndroidManifest.xml:9:13-11:85
102                android:name="com.google.firebase.components:io.flutter.plugins.firebase.auth.FlutterFirebaseAuthRegistrar"
102-->[:firebase_auth] AndroidManifest.xml:10:17-124
103                android:value="com.google.firebase.components.ComponentRegistrar" />
103-->[:firebase_auth] AndroidManifest.xml:11:17-82
104            <meta-data
104-->[:firebase_core] AndroidManifest.xml:9:13-11:85
105                android:name="com.google.firebase.components:io.flutter.plugins.firebase.core.FlutterFirebaseCoreRegistrar"
105-->[:firebase_core] AndroidManifest.xml:10:17-124
106                android:value="com.google.firebase.components.ComponentRegistrar" />
106-->[:firebase_core] AndroidManifest.xml:11:17-82
107            <meta-data
107-->[com.google.firebase:firebase-firestore:24.0.0] AndroidManifest.xml:20:13-22:85
108                android:name="com.google.firebase.components:com.google.firebase.firestore.FirestoreRegistrar"
108-->[com.google.firebase:firebase-firestore:24.0.0] AndroidManifest.xml:21:17-111
109                android:value="com.google.firebase.components.ComponentRegistrar" />
109-->[com.google.firebase:firebase-firestore:24.0.0] AndroidManifest.xml:22:17-82
110            <meta-data
110-->[com.google.firebase:firebase-auth:21.0.1] AndroidManifest.xml:77:13-79:85
111                android:name="com.google.firebase.components:com.google.firebase.auth.FirebaseAuthRegistrar"
111-->[com.google.firebase:firebase-auth:21.0.1] AndroidManifest.xml:78:17-109
112                android:value="com.google.firebase.components.ComponentRegistrar" />
112-->[com.google.firebase:firebase-auth:21.0.1] AndroidManifest.xml:79:17-82
113        </service>
114
115        <activity android:name="com.facebook.CustomTabMainActivity" />
115-->[com.facebook.android:facebook-common:12.0.1] AndroidManifest.xml:34:9-71
115-->[com.facebook.android:facebook-common:12.0.1] AndroidManifest.xml:34:19-68
116        <!--
117         The initialization ContentProvider will call FacebookSdk.sdkInitialize automatically
118         with the application context. This config is merged in with the host app's manifest,
119         but there can only be one provider with the same authority activated at any given
120         point; so if the end user has two or more different apps that use Facebook SDK, only the
121         first one will be able to use the provider. To work around this problem, we use the
122         following placeholder in the authority to identify each host application as if it was
123         a completely different provider.
124        -->
125        <provider
125-->[com.facebook.android:facebook-core:12.0.1] AndroidManifest.xml:39:9-42:40
126            android:name="com.facebook.internal.FacebookInitProvider"
126-->[com.facebook.android:facebook-core:12.0.1] AndroidManifest.xml:40:13-70
127            android:authorities="com.example.authentication_demo.FacebookInitProvider"
127-->[com.facebook.android:facebook-core:12.0.1] AndroidManifest.xml:41:13-72
128            android:exported="false" />
128-->[com.facebook.android:facebook-core:12.0.1] AndroidManifest.xml:42:13-37
129
130        <receiver
130-->[com.facebook.android:facebook-core:12.0.1] AndroidManifest.xml:44:9-50:20
131            android:name="com.facebook.CurrentAccessTokenExpirationBroadcastReceiver"
131-->[com.facebook.android:facebook-core:12.0.1] AndroidManifest.xml:45:13-86
132            android:exported="false" >
132-->[com.facebook.android:facebook-core:12.0.1] AndroidManifest.xml:46:13-37
133            <intent-filter>
133-->[com.facebook.android:facebook-core:12.0.1] AndroidManifest.xml:47:13-49:29
134                <action android:name="com.facebook.sdk.ACTION_CURRENT_ACCESS_TOKEN_CHANGED" />
134-->[com.facebook.android:facebook-core:12.0.1] AndroidManifest.xml:48:17-95
134-->[com.facebook.android:facebook-core:12.0.1] AndroidManifest.xml:48:25-92
135            </intent-filter>
136        </receiver>
137        <receiver
137-->[com.facebook.android:facebook-core:12.0.1] AndroidManifest.xml:51:9-57:20
138            android:name="com.facebook.AuthenticationTokenManager$CurrentAuthenticationTokenChangedBroadcastReceiver"
138-->[com.facebook.android:facebook-core:12.0.1] AndroidManifest.xml:52:13-118
139            android:exported="false" >
139-->[com.facebook.android:facebook-core:12.0.1] AndroidManifest.xml:53:13-37
140            <intent-filter>
140-->[com.facebook.android:facebook-core:12.0.1] AndroidManifest.xml:54:13-56:29
141                <action android:name="com.facebook.sdk.ACTION_CURRENT_AUTHENTICATION_TOKEN_CHANGED" />
141-->[com.facebook.android:facebook-core:12.0.1] AndroidManifest.xml:55:17-103
141-->[com.facebook.android:facebook-core:12.0.1] AndroidManifest.xml:55:25-100
142            </intent-filter>
143        </receiver>
144
145        <activity
145-->[com.google.android.gms:play-services-auth:19.2.0] AndroidManifest.xml:23:9-27:75
146            android:name="com.google.android.gms.auth.api.signin.internal.SignInHubActivity"
146-->[com.google.android.gms:play-services-auth:19.2.0] AndroidManifest.xml:24:13-93
147            android:excludeFromRecents="true"
147-->[com.google.android.gms:play-services-auth:19.2.0] AndroidManifest.xml:25:13-46
148            android:exported="false"
148-->[com.google.android.gms:play-services-auth:19.2.0] AndroidManifest.xml:26:13-37
149            android:theme="@android:style/Theme.Translucent.NoTitleBar" />
149-->[com.google.android.gms:play-services-auth:19.2.0] AndroidManifest.xml:27:13-72
150        <!--
151            Service handling Google Sign-In user revocation. For apps that do not integrate with
152            Google Sign-In, this service will never be started.
153        -->
154        <service
154-->[com.google.android.gms:play-services-auth:19.2.0] AndroidManifest.xml:33:9-37:51
155            android:name="com.google.android.gms.auth.api.signin.RevocationBoundService"
155-->[com.google.android.gms:play-services-auth:19.2.0] AndroidManifest.xml:34:13-89
156            android:exported="true"
156-->[com.google.android.gms:play-services-auth:19.2.0] AndroidManifest.xml:35:13-36
157            android:permission="com.google.android.gms.auth.api.signin.permission.REVOCATION_NOTIFICATION"
157-->[com.google.android.gms:play-services-auth:19.2.0] AndroidManifest.xml:36:13-107
158            android:visibleToInstantApps="true" />
158-->[com.google.android.gms:play-services-auth:19.2.0] AndroidManifest.xml:37:13-48
159
160        <activity
160-->[com.google.firebase:firebase-auth:21.0.1] AndroidManifest.xml:27:9-44:20
161            android:name="com.google.firebase.auth.internal.GenericIdpActivity"
161-->[com.google.firebase:firebase-auth:21.0.1] AndroidManifest.xml:28:13-80
162            android:excludeFromRecents="true"
162-->[com.google.firebase:firebase-auth:21.0.1] AndroidManifest.xml:29:13-46
163            android:exported="true"
163-->[com.google.firebase:firebase-auth:21.0.1] AndroidManifest.xml:30:13-36
164            android:launchMode="singleTask"
164-->[com.google.firebase:firebase-auth:21.0.1] AndroidManifest.xml:31:13-44
165            android:theme="@android:style/Theme.Translucent.NoTitleBar" >
165-->[com.google.firebase:firebase-auth:21.0.1] AndroidManifest.xml:32:13-72
166            <intent-filter>
166-->[com.google.firebase:firebase-auth:21.0.1] AndroidManifest.xml:33:13-43:29
167                <action android:name="android.intent.action.VIEW" />
167-->src\main\AndroidManifest.xml:56:16-68
167-->src\main\AndroidManifest.xml:56:24-65
168
169                <category android:name="android.intent.category.DEFAULT" />
169-->src\main\AndroidManifest.xml:57:16-75
169-->src\main\AndroidManifest.xml:57:26-72
170                <category android:name="android.intent.category.BROWSABLE" />
170-->src\main\AndroidManifest.xml:58:16-77
170-->src\main\AndroidManifest.xml:58:26-74
171
172                <data
172-->src\main\AndroidManifest.xml:59:16-74
173                    android:host="firebase.auth"
174                    android:path="/"
175                    android:scheme="genericidp" />
175-->src\main\AndroidManifest.xml:59:22-71
176            </intent-filter>
177        </activity>
178        <activity
178-->[com.google.firebase:firebase-auth:21.0.1] AndroidManifest.xml:45:9-62:20
179            android:name="com.google.firebase.auth.internal.RecaptchaActivity"
179-->[com.google.firebase:firebase-auth:21.0.1] AndroidManifest.xml:46:13-79
180            android:excludeFromRecents="true"
180-->[com.google.firebase:firebase-auth:21.0.1] AndroidManifest.xml:47:13-46
181            android:exported="true"
181-->[com.google.firebase:firebase-auth:21.0.1] AndroidManifest.xml:48:13-36
182            android:launchMode="singleTask"
182-->[com.google.firebase:firebase-auth:21.0.1] AndroidManifest.xml:49:13-44
183            android:theme="@android:style/Theme.Translucent.NoTitleBar" >
183-->[com.google.firebase:firebase-auth:21.0.1] AndroidManifest.xml:50:13-72
184            <intent-filter>
184-->[com.google.firebase:firebase-auth:21.0.1] AndroidManifest.xml:51:13-61:29
185                <action android:name="android.intent.action.VIEW" />
185-->src\main\AndroidManifest.xml:56:16-68
185-->src\main\AndroidManifest.xml:56:24-65
186
187                <category android:name="android.intent.category.DEFAULT" />
187-->src\main\AndroidManifest.xml:57:16-75
187-->src\main\AndroidManifest.xml:57:26-72
188                <category android:name="android.intent.category.BROWSABLE" />
188-->src\main\AndroidManifest.xml:58:16-77
188-->src\main\AndroidManifest.xml:58:26-74
189
190                <data
190-->src\main\AndroidManifest.xml:59:16-74
191                    android:host="firebase.auth"
192                    android:path="/"
193                    android:scheme="recaptcha" />
193-->src\main\AndroidManifest.xml:59:22-71
194            </intent-filter>
195        </activity>
196
197        <service
197-->[com.google.firebase:firebase-auth:21.0.1] AndroidManifest.xml:64:9-73:19
198            android:name="com.google.firebase.auth.api.fallback.service.FirebaseAuthFallbackService"
198-->[com.google.firebase:firebase-auth:21.0.1] AndroidManifest.xml:65:13-101
199            android:enabled="true"
199-->[com.google.firebase:firebase-auth:21.0.1] AndroidManifest.xml:66:13-35
200            android:exported="false" >
200-->[com.google.firebase:firebase-auth:21.0.1] AndroidManifest.xml:67:13-37
201            <intent-filter>
201-->[com.google.firebase:firebase-auth:21.0.1] AndroidManifest.xml:68:13-72:29
202                <action android:name="com.google.firebase.auth.api.gms.service.START" />
202-->[com.google.firebase:firebase-auth:21.0.1] AndroidManifest.xml:69:17-89
202-->[com.google.firebase:firebase-auth:21.0.1] AndroidManifest.xml:69:25-86
203
204                <category android:name="android.intent.category.DEFAULT" />
204-->src\main\AndroidManifest.xml:57:16-75
204-->src\main\AndroidManifest.xml:57:26-72
205            </intent-filter>
206        </service>
207
208        <provider
208-->[com.google.firebase:firebase-common:20.0.0] AndroidManifest.xml:26:9-31:39
209            android:name="com.google.firebase.provider.FirebaseInitProvider"
209-->[com.google.firebase:firebase-common:20.0.0] AndroidManifest.xml:27:13-77
210            android:authorities="com.example.authentication_demo.firebaseinitprovider"
210-->[com.google.firebase:firebase-common:20.0.0] AndroidManifest.xml:28:13-72
211            android:directBootAware="true"
211-->[com.google.firebase:firebase-common:20.0.0] AndroidManifest.xml:29:13-43
212            android:exported="false"
212-->[com.google.firebase:firebase-common:20.0.0] AndroidManifest.xml:30:13-37
213            android:initOrder="100" />
213-->[com.google.firebase:firebase-common:20.0.0] AndroidManifest.xml:31:13-36
214
215        <activity
215-->[com.google.android.gms:play-services-base:17.5.0] AndroidManifest.xml:23:9-26:75
216            android:name="com.google.android.gms.common.api.GoogleApiActivity"
216-->[com.google.android.gms:play-services-base:17.5.0] AndroidManifest.xml:24:13-79
217            android:exported="false"
217-->[com.google.android.gms:play-services-base:17.5.0] AndroidManifest.xml:25:13-37
218            android:theme="@android:style/Theme.Translucent.NoTitleBar" />
218-->[com.google.android.gms:play-services-base:17.5.0] AndroidManifest.xml:26:13-72
219
220        <meta-data
220-->[com.google.android.gms:play-services-basement:17.5.0] AndroidManifest.xml:23:9-25:69
221            android:name="com.google.android.gms.version"
221-->[com.google.android.gms:play-services-basement:17.5.0] AndroidManifest.xml:24:13-58
222            android:value="@integer/google_play_services_version" />
222-->[com.google.android.gms:play-services-basement:17.5.0] AndroidManifest.xml:25:13-66
223    </application>
224
225</manifest>